Pig Stack Trace
---------------
ERROR 1200: Wrong FS: file://root/Downloads/workIrad/data/test.txt, expected: file:///

org.apache.pig.impl.logicalLayer.FrontendException: ERROR 1000: Error during parsing. Wrong FS: file://root/Downloads/workIrad/data/test.txt, expected: file:///
	at org.apache.pig.PigServer$Graph.parseQuery(PigServer.java:1701)
	at org.apache.pig.PigServer$Graph.access$000(PigServer.java:1421)
	at org.apache.pig.PigServer.parseAndBuild(PigServer.java:354)
	at org.apache.pig.PigServer.executeBatch(PigServer.java:379)
	at org.apache.pig.PigServer.executeBatch(PigServer.java:365)
	at org.apache.pig.tools.grunt.GruntParser.executeBatch(GruntParser.java:140)
	at org.apache.pig.tools.grunt.GruntParser.processDump(GruntParser.java:769)
	at org.apache.pig.tools.pigscript.parser.PigScriptParser.parse(PigScriptParser.java:372)
	at org.apache.pig.tools.grunt.GruntParser.parseStopOnError(GruntParser.java:198)
	at org.apache.pig.tools.grunt.GruntParser.parseStopOnError(GruntParser.java:173)
	at org.apache.pig.tools.grunt.Grunt.exec(Grunt.java:84)
	at org.apache.pig.Main.run(Main.java:613)
	at org.apache.pig.Main.main(Main.java:158)
	at sun.reflect.NativeMethodAccessorImpl.invoke0(Native Method)
	at sun.reflect.NativeMethodAccessorImpl.invoke(NativeMethodAccessorImpl.java:62)
	at sun.reflect.DelegatingMethodAccessorImpl.invoke(DelegatingMethodAccessorImpl.java:43)
	at java.lang.reflect.Method.invoke(Method.java:497)
	at org.apache.hadoop.util.RunJar.run(RunJar.java:221)
	at org.apache.hadoop.util.RunJar.main(RunJar.java:136)
Caused by: Failed to parse: Wrong FS: file://root/Downloads/workIrad/data/test.txt, expected: file:///
	at org.apache.pig.parser.QueryParserDriver.parse(QueryParserDriver.java:198)
	at org.apache.pig.PigServer$Graph.parseQuery(PigServer.java:1688)
	... 18 more
Caused by: java.lang.IllegalArgumentException: Wrong FS: file://root/Downloads/workIrad/data/test.txt, expected: file:///
	at org.apache.hadoop.fs.FileSystem.checkPath(FileSystem.java:654)
	at org.apache.hadoop.fs.RawLocalFileSystem.pathToFile(RawLocalFileSystem.java:80)
	at org.apache.hadoop.fs.RawLocalFileSystem.deprecatedGetFileStatus(RawLocalFileSystem.java:529)
	at org.apache.hadoop.fs.RawLocalFileSystem.getFileLinkStatusInternal(RawLocalFileSystem.java:747)
	at org.apache.hadoop.fs.RawLocalFileSystem.getFileStatus(RawLocalFileSystem.java:524)
	at org.apache.hadoop.fs.FilterFileSystem.getFileStatus(FilterFileSystem.java:424)
	at org.apache.hadoop.fs.FileSystem.exists(FileSystem.java:1409)
	at org.apache.pig.backend.hadoop.datastorage.HDataStorage.isContainer(HDataStorage.java:200)
	at org.apache.pig.backend.hadoop.datastorage.HDataStorage.asElement(HDataStorage.java:128)
	at org.apache.pig.backend.hadoop.datastorage.HDataStorage.asElement(HDataStorage.java:144)
	at org.apache.pig.impl.io.FileLocalizer.fullPath(FileLocalizer.java:316)
	at org.apache.pig.builtin.JsonMetadata.findMetaFile(JsonMetadata.java:111)
	at org.apache.pig.builtin.JsonMetadata.getSchema(JsonMetadata.java:191)
	at org.apache.pig.builtin.PigStorage.getSchema(PigStorage.java:518)
	at org.apache.pig.newplan.logical.relational.LOLoad.getSchemaFromMetaData(LOLoad.java:175)
	at org.apache.pig.newplan.logical.relational.LOLoad.<init>(LOLoad.java:89)
	at org.apache.pig.parser.LogicalPlanBuilder.buildLoadOp(LogicalPlanBuilder.java:853)
	at org.apache.pig.parser.LogicalPlanGenerator.load_clause(LogicalPlanGenerator.java:3568)
	at org.apache.pig.parser.LogicalPlanGenerator.op_clause(LogicalPlanGenerator.java:1625)
	at org.apache.pig.parser.LogicalPlanGenerator.general_statement(LogicalPlanGenerator.java:1102)
	at org.apache.pig.parser.LogicalPlanGenerator.statement(LogicalPlanGenerator.java:560)
	at org.apache.pig.parser.LogicalPlanGenerator.query(LogicalPlanGenerator.java:421)
	at org.apache.pig.parser.QueryParserDriver.parse(QueryParserDriver.java:188)
	... 19 more
================================================================================
