Error before Pig is launched
----------------------------
ERROR 2999: Unexpected internal error. java.net.URISyntaxException: Relative path in absolute URI: object:42

java.lang.IllegalArgumentException: java.net.URISyntaxException: Relative path in absolute URI: object:42
	at org.apache.hadoop.fs.Path.initialize(Path.java:206)
	at org.apache.hadoop.fs.Path.<init>(Path.java:172)
	at org.apache.pig.impl.io.FileLocalizer.fetchFilesInternal(FileLocalizer.java:721)
	at org.apache.pig.impl.io.FileLocalizer.fetchFile(FileLocalizer.java:688)
	at org.apache.pig.Main.run(Main.java:555)
	at org.apache.pig.Main.main(Main.java:158)
	at sun.reflect.NativeMethodAccessorImpl.invoke0(Native Method)
	at sun.reflect.NativeMethodAccessorImpl.invoke(NativeMethodAccessorImpl.java:62)
	at sun.reflect.DelegatingMethodAccessorImpl.invoke(DelegatingMethodAccessorImpl.java:43)
	at java.lang.reflect.Method.invoke(Method.java:497)
	at org.apache.hadoop.util.RunJar.run(RunJar.java:221)
	at org.apache.hadoop.util.RunJar.main(RunJar.java:136)
Caused by: java.net.URISyntaxException: Relative path in absolute URI: object:42
	at java.net.URI.checkPath(URI.java:1823)
	at java.net.URI.<init>(URI.java:745)
	at org.apache.hadoop.fs.Path.initialize(Path.java:203)
	... 11 more
================================================================================
